<?xml version="1.0" encoding="UTF-8"?>
<!-- Generated by org.testng.reporters.JUnitReportReporter -->
<testsuite hostname="Meet-PC" name="codingtest.testjenkins" tests="1" failures="0" timestamp="20 Nov 2016 10:11:49 GMT" time="25.243" errors="0">
  <testcase name="test" time="25.243" classname="codingtest.testjenkins"/>
</testsuite> <!-- codingtest.testjenkins -->
