<?xml version="1.0" encoding="UTF-8"?>
<!-- Generated by org.testng.reporters.JUnitReportReporter -->
<testsuite hostname="Meet-PC" name="codingtest.Codingtest" tests="1" failures="0" timestamp="27 Aug 2016 00:59:48 GMT" time="0.007" errors="0">
  <testcase name="test" time="0.007" classname="codingtest.Codingtest"/>
</testsuite> <!-- codingtest.Codingtest -->
