<?xml version="1.0" encoding="UTF-8"?>
<!-- Generated by org.testng.reporters.JUnitReportReporter -->
<testsuite hostname="Meet-PC" name="codingtest.readingPropertyfile" tests="1" failures="0" timestamp="15 Oct 2016 09:47:05 GMT" time="14.896" errors="0">
  <testcase name="readtextfilemethod" time="14.896" classname="codingtest.readingPropertyfile"/>
</testsuite> <!-- codingtest.readingPropertyfile -->
