<?xml version="1.0" encoding="UTF-8"?>
<!-- Generated by org.testng.reporters.JUnitReportReporter -->
<testsuite hostname="WGC1001HMP882" name="codingtest.excelfeature" tests="11" failures="0" timestamp="26 Aug 2016 09:53:01 GMT" time="0.013" errors="0">
  <testcase name="addCountry" time="0.002" classname="codingtest.excelfeature"/>
  <testcase name="addCountry" time="0.001" classname="codingtest.excelfeature"/>
  <testcase name="addCountry" time="0.001" classname="codingtest.excelfeature"/>
  <testcase name="addCountry" time="0.001" classname="codingtest.excelfeature"/>
  <testcase name="addCountry" time="0.001" classname="codingtest.excelfeature"/>
  <testcase name="addCountry" time="0.001" classname="codingtest.excelfeature"/>
  <testcase name="addCountry" time="0.001" classname="codingtest.excelfeature"/>
  <testcase name="addCountry" time="0.002" classname="codingtest.excelfeature"/>
  <testcase name="addCountry" time="0.001" classname="codingtest.excelfeature"/>
  <testcase name="addCountry" time="0.001" classname="codingtest.excelfeature"/>
  <testcase name="addCountry" time="0.001" classname="codingtest.excelfeature"/>
</testsuite> <!-- codingtest.excelfeature -->
